[2019-12-04T13:40:37.502] [DEBUG] cheese - login => username:zs,password:123456
[2019-12-04T13:40:37.506] [DEBUG] cheese - zs
[2019-12-04T13:40:37.529] [DEBUG] cheese - null
[2019-12-04T13:40:37.530] [DEBUG] cheese - null
[2019-12-04T13:41:02.602] [DEBUG] cheese - login => username:admin,password:123456
[2019-12-04T13:41:02.602] [DEBUG] cheese - admin
[2019-12-04T13:41:02.612] [DEBUG] cheese - null
[2019-12-04T13:41:02.613] [DEBUG] cheese - null
[2019-12-04T17:34:40.304] [DEBUG] cheese - login => username:sss,password:ssssssss
[2019-12-04T17:34:40.307] [DEBUG] cheese - sss
[2019-12-04T17:34:40.359] [DEBUG] cheese - null
[2019-12-04T17:34:40.360] [DEBUG] cheese - null
[2019-12-04T17:36:13.106] [DEBUG] cheese - login => username:sss,password:ssssssss
[2019-12-04T17:36:13.106] [DEBUG] cheese - sss
[2019-12-04T17:36:13.112] [DEBUG] cheese - null
[2019-12-04T17:36:13.112] [DEBUG] cheese - null
[2019-12-04T17:37:59.892] [DEBUG] cheese - login => username:sss,password:ssssssss
[2019-12-04T17:37:59.892] [DEBUG] cheese - sss
[2019-12-04T17:37:59.895] [DEBUG] cheese - null
[2019-12-04T17:37:59.895] [DEBUG] cheese - null
[2019-12-04T17:40:02.053] [DEBUG] cheese - login => username:sss,password:ssssssss
[2019-12-04T17:40:02.053] [DEBUG] cheese - sss
[2019-12-04T17:40:02.056] [DEBUG] cheese - null
[2019-12-04T17:40:02.056] [DEBUG] cheese - null
[2019-12-04T17:42:15.867] [DEBUG] cheese - login => username:sss,password:ssssssss
[2019-12-04T17:42:15.867] [DEBUG] cheese - sss
[2019-12-04T17:42:15.870] [DEBUG] cheese - null
[2019-12-04T17:42:15.870] [DEBUG] cheese - null
[2019-12-04T17:47:03.839] [DEBUG] cheese - login => username:sss,password:ssssssss
[2019-12-04T17:47:03.840] [DEBUG] cheese - sss
[2019-12-04T17:47:03.842] [DEBUG] cheese - null
[2019-12-04T17:47:03.842] [DEBUG] cheese - null
[2019-12-04T17:47:34.744] [DEBUG] cheese - login => username:admin,password:123456
[2019-12-04T17:47:34.744] [DEBUG] cheese - admin
[2019-12-04T17:47:34.751] [DEBUG] cheese - null
[2019-12-04T17:47:34.751] [DEBUG] cheese - null
[2019-12-04T17:48:01.608] [DEBUG] cheese - login => username:sss,password:ssssssss
[2019-12-04T17:48:01.609] [DEBUG] cheese - sss
[2019-12-04T17:48:01.613] [DEBUG] cheese - null
[2019-12-04T17:48:01.613] [DEBUG] cheese - null
[2019-12-04T17:48:12.812] [DEBUG] cheese - login => username:admin,password:123456
[2019-12-04T17:48:12.812] [DEBUG] cheese - admin
[2019-12-04T17:48:12.815] [DEBUG] cheese - null
[2019-12-04T17:48:12.816] [DEBUG] cheese - null
[2019-12-04T17:54:09.423] [DEBUG] cheese - login => username:sss,password:ssssssss
[2019-12-04T17:54:09.423] [DEBUG] cheese - sss
[2019-12-04T17:54:09.428] [DEBUG] cheese - null
[2019-12-04T17:54:09.428] [DEBUG] cheese - null
[2019-12-04T17:54:17.547] [DEBUG] cheese - login => username:admin,password:123456
[2019-12-04T17:54:17.547] [DEBUG] cheese - admin
[2019-12-04T17:54:17.552] [DEBUG] cheese - null
[2019-12-04T17:54:17.553] [DEBUG] cheese - null
[2019-12-04T17:54:55.914] [DEBUG] cheese - login => username:sss,password:ssssssss
[2019-12-04T17:54:55.914] [DEBUG] cheese - sss
[2019-12-04T17:54:55.916] [DEBUG] cheese - null
[2019-12-04T17:54:55.917] [DEBUG] cheese - null
[2019-12-04T17:55:03.797] [DEBUG] cheese - login => username:admin,password:123456
[2019-12-04T17:55:03.797] [DEBUG] cheese - admin
[2019-12-04T17:55:03.800] [DEBUG] cheese - null
[2019-12-04T17:55:03.800] [DEBUG] cheese - null
[2019-12-04T18:04:45.209] [DEBUG] cheese - login => username:sss,password:ssssssss
[2019-12-04T18:04:45.209] [DEBUG] cheese - sss
[2019-12-04T18:04:45.213] [DEBUG] cheese - null
[2019-12-04T18:04:45.213] [DEBUG] cheese - null
[2019-12-04T18:05:03.588] [DEBUG] cheese - login => username:admin,password:123456
[2019-12-04T18:05:03.588] [DEBUG] cheese - admin
[2019-12-04T18:05:03.591] [DEBUG] cheese - null
[2019-12-04T18:05:03.592] [DEBUG] cheese - null
[2019-12-04T18:10:16.436] [DEBUG] cheese - login => username:admin,password:123456
[2019-12-04T18:10:16.436] [DEBUG] cheese - admin
[2019-12-04T18:10:16.439] [DEBUG] cheese - null
[2019-12-04T18:10:16.439] [DEBUG] cheese - null
[2019-12-04T18:24:27.109] [DEBUG] cheese - login => username:admin,password:123456
[2019-12-04T18:24:27.110] [DEBUG] cheese - admin
[2019-12-04T18:24:27.117] [DEBUG] cheese - null
[2019-12-04T18:24:27.117] [DEBUG] cheese - null
[2019-12-04T18:29:15.469] [DEBUG] cheese - login => username:admin,password:123456
[2019-12-04T18:29:15.470] [DEBUG] cheese - admin
[2019-12-04T18:29:15.474] [DEBUG] cheese - null
[2019-12-04T18:29:15.475] [DEBUG] cheese - null
[2019-12-04T20:13:16.744] [DEBUG] cheese - login => username:admin,password:123456
[2019-12-04T20:13:16.744] [DEBUG] cheese - admin
[2019-12-04T20:13:16.762] [DEBUG] cheese - null
[2019-12-04T20:13:16.762] [DEBUG] cheese - null
[2019-12-04T20:32:44.328] [DEBUG] cheese - login => username:admin,password:123456
[2019-12-04T20:32:44.328] [DEBUG] cheese - admin
[2019-12-04T20:32:44.334] [DEBUG] cheese - null
[2019-12-04T20:32:44.334] [DEBUG] cheese - null
[2019-12-04T20:34:55.937] [DEBUG] cheese - login => username:admin,password:123456
[2019-12-04T20:34:55.938] [DEBUG] cheese - admin
[2019-12-04T20:34:55.941] [DEBUG] cheese - null
[2019-12-04T20:34:55.941] [DEBUG] cheese - null
[2019-12-04T20:35:12.734] [DEBUG] cheese - login => username:admin,password:123456
[2019-12-04T20:35:12.734] [DEBUG] cheese - admin
[2019-12-04T20:35:12.737] [DEBUG] cheese - null
[2019-12-04T20:35:12.737] [DEBUG] cheese - null
[2019-12-04T21:14:44.848] [DEBUG] cheese - login => username:admin,password:123456
[2019-12-04T21:14:44.848] [DEBUG] cheese - admin
[2019-12-04T21:14:44.853] [DEBUG] cheese - null
[2019-12-04T21:14:44.853] [DEBUG] cheese - null
[2019-12-04T21:17:47.097] [DEBUG] cheese - login => username:admin,password:123456
[2019-12-04T21:17:47.097] [DEBUG] cheese - admin
[2019-12-04T21:17:47.104] [DEBUG] cheese - null
[2019-12-04T21:17:47.104] [DEBUG] cheese - null
[2019-12-04T21:19:05.289] [DEBUG] cheese - login => username:admin,password:123456
[2019-12-04T21:19:05.290] [DEBUG] cheese - admin
[2019-12-04T21:19:05.298] [DEBUG] cheese - null
[2019-12-04T21:19:05.298] [DEBUG] cheese - null
[2019-12-04T21:28:43.559] [DEBUG] cheese - login => username:admin,password:123456
[2019-12-04T21:28:43.559] [DEBUG] cheese - admin
[2019-12-04T21:28:43.562] [DEBUG] cheese - null
[2019-12-04T21:28:43.562] [DEBUG] cheese - null
[2019-12-04T21:34:41.632] [DEBUG] cheese - login => username:admin,password:123456
[2019-12-04T21:34:41.632] [DEBUG] cheese - admin
[2019-12-04T21:34:41.635] [DEBUG] cheese - null
[2019-12-04T21:34:41.636] [DEBUG] cheese - null
[2019-12-04T22:47:31.831] [DEBUG] cheese - login => username:admin,password:123456
[2019-12-04T22:47:31.832] [DEBUG] cheese - admin
[2019-12-04T22:47:31.838] [DEBUG] cheese - null
[2019-12-04T22:47:31.839] [DEBUG] cheese - null
[2019-12-04T23:00:30.844] [DEBUG] cheese - login => username:admin,password:123456
[2019-12-04T23:00:30.844] [DEBUG] cheese - admin
[2019-12-04T23:00:30.848] [DEBUG] cheese - null
[2019-12-04T23:00:30.848] [DEBUG] cheese - null
[2019-12-04T23:13:37.705] [DEBUG] cheese - login => username:admin,password:123456
[2019-12-04T23:13:37.705] [DEBUG] cheese - admin
[2019-12-04T23:13:37.710] [DEBUG] cheese - null
[2019-12-04T23:13:37.710] [DEBUG] cheese - null
[2019-12-04T23:16:40.294] [DEBUG] cheese - login => username:admin,password:123456
[2019-12-04T23:16:40.294] [DEBUG] cheese - admin
[2019-12-04T23:16:40.297] [DEBUG] cheese - null
[2019-12-04T23:16:40.297] [DEBUG] cheese - null
[2019-12-04T23:28:56.061] [DEBUG] cheese - login => username:admin,password:123456
[2019-12-04T23:28:56.061] [DEBUG] cheese - admin
[2019-12-04T23:28:56.064] [DEBUG] cheese - null
[2019-12-04T23:28:56.064] [DEBUG] cheese - null
[2019-12-04T23:35:56.180] [DEBUG] cheese - login => username:admin,password:123456
[2019-12-04T23:35:56.181] [DEBUG] cheese - admin
[2019-12-04T23:35:56.185] [DEBUG] cheese - null
[2019-12-04T23:35:56.185] [DEBUG] cheese - null
[2019-12-05T15:07:37.654] [DEBUG] cheese - login => username:admin,password:123456
[2019-12-05T15:07:37.656] [DEBUG] cheese - admin
[2019-12-05T15:07:37.676] [DEBUG] cheese - null
[2019-12-05T15:07:37.676] [DEBUG] cheese - null
[2019-12-05T16:16:58.259] [DEBUG] cheese - login => username:admin,password:123456
[2019-12-05T16:16:58.263] [DEBUG] cheese - admin
[2019-12-05T16:16:58.282] [DEBUG] cheese - null
[2019-12-05T16:16:58.283] [DEBUG] cheese - null
[2019-12-05T22:48:35.071] [DEBUG] cheese - null
[2019-12-05T22:49:16.957] [DEBUG] cheese - null
[2019-12-05T22:49:22.289] [DEBUG] cheese - null
[2019-12-05T22:49:30.927] [DEBUG] cheese - null
[2019-12-05T22:52:35.479] [DEBUG] cheese - null
[2019-12-05T22:52:38.936] [DEBUG] cheese - null
[2019-12-05T22:52:49.405] [DEBUG] cheese - null
[2019-12-06T00:37:37.125] [DEBUG] cheese - null
[2019-12-06T00:37:39.992] [DEBUG] cheese - null
[2019-12-06T00:37:43.002] [DEBUG] cheese - null
[2019-12-06T00:40:59.146] [DEBUG] cheese - null
[2019-12-06T00:41:06.105] [DEBUG] cheese - null
[2019-12-06T01:45:57.165] [DEBUG] cheese - login => username:admin,password:123456
[2019-12-06T01:45:57.171] [DEBUG] cheese - admin
[2019-12-06T01:45:57.176] [DEBUG] cheese - null
[2019-12-06T01:45:57.177] [DEBUG] cheese - null
[2019-12-06T01:47:30.266] [DEBUG] cheese - null
[2019-12-06T01:47:36.975] [DEBUG] cheese - null
[2019-12-06T13:54:08.144] [DEBUG] cheese - login => username:admin,password:123456
[2019-12-06T13:54:08.147] [DEBUG] cheese - admin
[2019-12-06T13:54:08.164] [DEBUG] cheese - null
[2019-12-06T13:54:08.164] [DEBUG] cheese - null
[2019-12-06T13:54:11.880] [DEBUG] cheese - login => username:admin,password:123456
[2019-12-06T13:54:11.880] [DEBUG] cheese - admin
[2019-12-06T13:54:11.883] [DEBUG] cheese - null
[2019-12-06T13:54:11.883] [DEBUG] cheese - null
[2019-12-06T15:49:32.465] [DEBUG] cheese - login => username:admin,password:123456
[2019-12-06T15:49:32.502] [DEBUG] cheese - admin
[2019-12-06T15:49:32.521] [DEBUG] cheese - null
[2019-12-06T15:49:32.521] [DEBUG] cheese - null
[2019-12-06T18:11:29.311] [DEBUG] cheese - login => username:admin,password:123456
[2019-12-06T18:11:29.327] [DEBUG] cheese - admin
[2019-12-06T18:11:29.340] [DEBUG] cheese - null
[2019-12-06T18:11:29.340] [DEBUG] cheese - null
[2019-12-06T18:15:21.034] [DEBUG] cheese - login => username:admin,password:123456
[2019-12-06T18:15:21.034] [DEBUG] cheese - admin
[2019-12-06T18:15:21.037] [DEBUG] cheese - null
[2019-12-06T18:15:21.037] [DEBUG] cheese - null
[2019-12-06T18:41:13.300] [DEBUG] cheese - login => username:admin,password:123456
[2019-12-06T18:41:13.300] [DEBUG] cheese - admin
[2019-12-06T18:41:13.303] [DEBUG] cheese - null
[2019-12-06T18:41:13.304] [DEBUG] cheese - null
[2019-12-06T18:53:15.128] [DEBUG] cheese - login => username:admin,password:123456
[2019-12-06T18:53:15.128] [DEBUG] cheese - admin
[2019-12-06T18:53:15.131] [DEBUG] cheese - null
[2019-12-06T18:53:15.131] [DEBUG] cheese - null
[2019-12-06T19:56:40.883] [DEBUG] cheese - login => username:admin,password:123456
[2019-12-06T19:56:40.885] [DEBUG] cheese - admin
[2019-12-06T19:56:40.903] [DEBUG] cheese - null
[2019-12-06T19:56:40.903] [DEBUG] cheese - null
[2019-12-06T19:56:49.292] [DEBUG] cheese - login => username:admin,password:123456
[2019-12-06T19:56:49.292] [DEBUG] cheese - admin
[2019-12-06T19:56:49.294] [DEBUG] cheese - null
[2019-12-06T19:56:49.294] [DEBUG] cheese - null
[2019-12-06T19:59:15.888] [DEBUG] cheese - login => username:admin,password:123456
[2019-12-06T19:59:15.888] [DEBUG] cheese - admin
[2019-12-06T19:59:15.892] [DEBUG] cheese - null
[2019-12-06T19:59:15.893] [DEBUG] cheese - null
[2019-12-06T20:05:46.864] [DEBUG] cheese - login => username:admin,password:123456
[2019-12-06T20:05:46.864] [DEBUG] cheese - admin
[2019-12-06T20:05:46.867] [DEBUG] cheese - null
[2019-12-06T20:05:46.867] [DEBUG] cheese - null
[2019-12-06T20:36:01.071] [DEBUG] cheese - login => username:admin,password:123456
[2019-12-06T20:36:01.071] [DEBUG] cheese - admin
[2019-12-06T20:36:01.075] [DEBUG] cheese - null
[2019-12-06T20:36:01.076] [DEBUG] cheese - null
[2019-12-06T21:01:42.560] [DEBUG] cheese - login => username:admin,password:123456
[2019-12-06T21:01:42.560] [DEBUG] cheese - admin
[2019-12-06T21:01:42.567] [DEBUG] cheese - null
[2019-12-06T21:01:42.567] [DEBUG] cheese - null
[2019-12-06T22:38:38.993] [DEBUG] cheese - login => username:admin,password:123456
[2019-12-06T22:38:38.995] [DEBUG] cheese - admin
[2019-12-06T22:38:39.004] [DEBUG] cheese - null
[2019-12-06T22:38:39.004] [DEBUG] cheese - null
[2019-12-07T14:45:00.620] [DEBUG] cheese - login => username:admin,password:123456
[2019-12-07T14:45:00.622] [DEBUG] cheese - admin
[2019-12-07T14:45:00.648] [DEBUG] cheese - null
[2019-12-07T14:45:00.648] [DEBUG] cheese - null
[2019-12-07T17:50:45.383] [DEBUG] cheese - login => username:admin,password:123456
[2019-12-07T17:50:45.385] [DEBUG] cheese - admin
[2019-12-07T17:50:45.396] [DEBUG] cheese - null
[2019-12-07T17:50:45.396] [DEBUG] cheese - null
[2019-12-07T17:51:30.823] [DEBUG] cheese - login => username:admin,password:123456
[2019-12-07T17:51:30.823] [DEBUG] cheese - admin
[2019-12-07T17:51:30.827] [DEBUG] cheese - null
[2019-12-07T17:51:30.827] [DEBUG] cheese - null
[2019-12-08T15:25:43.011] [DEBUG] cheese - login => username:admin,password:123456
[2019-12-08T15:25:43.014] [DEBUG] cheese - admin
[2019-12-08T15:25:43.040] [DEBUG] cheese - null
[2019-12-08T15:25:43.041] [DEBUG] cheese - null
[2019-12-08T20:30:11.781] [DEBUG] cheese - null
[2019-12-08T20:50:38.540] [DEBUG] cheese - login => username:admin,password:123456
[2019-12-08T20:50:38.541] [DEBUG] cheese - admin
[2019-12-08T20:50:38.546] [DEBUG] cheese - null
[2019-12-08T20:50:38.546] [DEBUG] cheese - null
[2019-12-09T00:15:38.671] [DEBUG] cheese - login => username:admin,password:123456
[2019-12-09T00:15:38.673] [DEBUG] cheese - admin
[2019-12-09T00:15:38.685] [DEBUG] cheese - null
[2019-12-09T00:15:38.685] [DEBUG] cheese - null
[2019-12-09T15:42:40.244] [DEBUG] cheese - login => username:admin,password:123456
[2019-12-09T15:42:40.248] [DEBUG] cheese - admin
[2019-12-09T15:42:40.304] [DEBUG] cheese - null
[2019-12-09T15:42:40.304] [DEBUG] cheese - null
[2019-12-09T15:54:30.331] [DEBUG] cheese - login => username:admin,password:123456
[2019-12-09T15:54:30.332] [DEBUG] cheese - admin
[2019-12-09T15:54:30.335] [DEBUG] cheese - null
[2019-12-09T15:54:30.335] [DEBUG] cheese - null
[2019-12-09T16:16:41.548] [DEBUG] cheese - login => username:admin,password:123456
[2019-12-09T16:16:41.548] [DEBUG] cheese - admin
[2019-12-09T16:16:41.551] [DEBUG] cheese - null
[2019-12-09T16:16:41.551] [DEBUG] cheese - null
[2019-12-09T16:59:17.462] [DEBUG] cheese - login => username:admin,password:123456
[2019-12-09T16:59:17.462] [DEBUG] cheese - admin
[2019-12-09T16:59:17.475] [DEBUG] cheese - null
[2019-12-09T16:59:17.476] [DEBUG] cheese - null
[2019-12-09T17:05:06.623] [DEBUG] cheese - login => username:admin,password:123456
[2019-12-09T17:05:06.623] [DEBUG] cheese - admin
[2019-12-09T17:05:06.627] [DEBUG] cheese - null
[2019-12-09T17:05:06.628] [DEBUG] cheese - null
[2019-12-09T17:10:48.080] [DEBUG] cheese - login => username:admin,password:123456
[2019-12-09T17:10:48.080] [DEBUG] cheese - admin
[2019-12-09T17:10:48.083] [DEBUG] cheese - null
[2019-12-09T17:10:48.083] [DEBUG] cheese - null
[2019-12-09T17:13:50.922] [DEBUG] cheese - login => username:admin,password:123456
[2019-12-09T17:13:50.923] [DEBUG] cheese - admin
[2019-12-09T17:13:50.935] [DEBUG] cheese - null
[2019-12-09T17:13:50.935] [DEBUG] cheese - null
[2019-12-09T17:49:44.211] [DEBUG] cheese - login => username:admin,password:123456
[2019-12-09T17:49:44.214] [DEBUG] cheese - admin
[2019-12-09T17:49:44.231] [DEBUG] cheese - null
[2019-12-09T17:49:44.232] [DEBUG] cheese - null
[2019-12-09T19:35:26.439] [DEBUG] cheese - login => username:admin,password:123456
[2019-12-09T19:35:26.440] [DEBUG] cheese - admin
[2019-12-09T19:35:26.443] [DEBUG] cheese - null
[2019-12-09T19:35:26.443] [DEBUG] cheese - null
[2019-12-09T20:56:50.409] [DEBUG] cheese - login => username:admin,password:123456
[2019-12-09T20:56:50.411] [DEBUG] cheese - admin
[2019-12-09T20:56:50.429] [DEBUG] cheese - null
[2019-12-09T20:56:50.430] [DEBUG] cheese - null
[2019-12-10T00:18:31.029] [DEBUG] cheese - login => username:admin,password:123456
[2019-12-10T00:18:31.029] [DEBUG] cheese - admin
[2019-12-10T00:18:31.037] [DEBUG] cheese - null
[2019-12-10T00:18:31.037] [DEBUG] cheese - null
[2019-12-10T00:19:37.806] [DEBUG] cheese - login => username:admin,password:123456
[2019-12-10T00:19:37.806] [DEBUG] cheese - admin
[2019-12-10T00:19:37.813] [DEBUG] cheese - null
[2019-12-10T00:19:37.813] [DEBUG] cheese - null
[2019-12-10T00:40:31.723] [DEBUG] cheese - login => username:admin,password:123456
[2019-12-10T00:40:31.724] [DEBUG] cheese - admin
[2019-12-10T00:40:31.739] [DEBUG] cheese - null
[2019-12-10T00:40:31.739] [DEBUG] cheese - null
[2019-12-10T00:43:48.409] [DEBUG] cheese - login => username:admin,password:123456
[2019-12-10T00:43:48.409] [DEBUG] cheese - admin
[2019-12-10T00:43:48.415] [DEBUG] cheese - null
[2019-12-10T00:43:48.416] [DEBUG] cheese - null
[2019-12-10T01:19:10.150] [DEBUG] cheese - login => username:admin,password:123456
[2019-12-10T01:19:10.151] [DEBUG] cheese - admin
[2019-12-10T01:19:10.154] [DEBUG] cheese - null
[2019-12-10T01:19:10.154] [DEBUG] cheese - null
